Fitter report for epm240
Thu Dec 17 15:46:00 2015
Quartus II Version 6.1 Build 201 11/27/2006 SJ Web Edition


---------------------
; Table of Contents ;
---------------------
  1. Legal Notice
  2. Fitter Summary
  3. Fitter Settings
  4. Pin-Out File
  5. Fitter Resource Usage Summary
  6. Input Pins
  7. Output Pins
  8. I/O Bank Usage
  9. All Package Pins
 10. Output Pin Default Load For Reported TCO
 11. Fitter Resource Utilization by Entity
 12. Delay Chain Summary
 13. Control Signals
 14. Global & Other Fast Signals
 15. Non-Global High Fan-Out Signals
 16. Interconnect Usage Summary
 17. LAB Logic Elements
 18. LAB-wide Signals
 19. LAB Signals Sourced
 20. LAB Signals Sourced Out
 21. LAB Distinct Inputs
 22. Fitter Device Options
 23. Fitter Messages



----------------
; Legal Notice ;
----------------
Copyright (C) 1991-2006 Altera Corporation
Your use of Altera Corporation's design tools, logic functions 
and other software and tools, and its AMPP partner logic 
functions, and any output files from any of the foregoing 
(including device programming or simulation files), and any 
associated documentation or information are expressly subject 
to the terms and conditions of the Altera Program License 
Subscription Agreement, Altera MegaCore Function License 
Agreement, or other applicable license agreement, including, 
without limitation, that your use is for the sole purpose of 
programming logic devices manufactured by Altera and sold by 
Altera or its authorized distributors.  Please refer to the 
applicable agreement for further details.



+-----------------------------------------------------------------+
; Fitter Summary                                                  ;
+-----------------------+-----------------------------------------+
; Fitter Status         ; Successful - Thu Dec 17 15:46:00 2015   ;
; Quartus II Version    ; 6.1 Build 201 11/27/2006 SJ Web Edition ;
; Revision Name         ; epm240                                  ;
; Top-level Entity Name ; epm240                                  ;
; Family                ; MAX II                                  ;
; Device                ; EPM240T100C5                            ;
; Timing Models         ; Final                                   ;
; Total logic elements  ; 104 / 240 ( 43 % )                      ;
; Total pins            ; 21 / 80 ( 26 % )                        ;
; Total virtual pins    ; 0                                       ;
; UFM blocks            ; 1 / 1 ( 100 % )                         ;
+-----------------------+-----------------------------------------+


+--------------------------------------------------------------------------------------------------------------------------+
; Fitter Settings                                                                                                          ;
+--------------------------------------------------------+--------------------------------+--------------------------------+
; Option                                                 ; Setting                        ; Default Value                  ;
+--------------------------------------------------------+--------------------------------+--------------------------------+
; Device                                                 ; EPM240T100C5                   ;                                ;
; Fit Attempts to Skip                                   ; 0                              ; 0.0                            ;
; Always Enable Input Buffers                            ; Off                            ; Off                            ;
; Router Timing Optimization Level                       ; Normal                         ; Normal                         ;
; Placement Effort Multiplier                            ; 1.0                            ; 1.0                            ;
; Router Effort Multiplier                               ; 1.0                            ; 1.0                            ;
; Optimize Hold Timing                                   ; IO Paths and Minimum TPD Paths ; IO Paths and Minimum TPD Paths ;
; Optimize Fast-Corner Timing                            ; Off                            ; Off                            ;
; Guarantee I/O Paths Have Zero Hold Time at Fast Corner ; On                             ; On                             ;
; PowerPlay Power Optimization                           ; Normal compilation             ; Normal compilation             ;
; Optimize Timing                                        ; Normal compilation             ; Normal compilation             ;
; Optimize IOC Register Placement for Timing             ; On                             ; On                             ;
; Limit to One Fitting Attempt                           ; Off                            ; Off                            ;
; Final Placement Optimizations                          ; Automatically                  ; Automatically                  ;
; Fitter Aggressive Routability Optimizations            ; Automatically                  ; Automatically                  ;
; Fitter Initial Placement Seed                          ; 1                              ; 1                              ;
; Slow Slew Rate                                         ; Off                            ; Off                            ;
; PCI I/O                                                ; Off                            ; Off                            ;
; Weak Pull-Up Resistor                                  ; Off                            ; Off                            ;
; Enable Bus-Hold Circuitry                              ; Off                            ; Off                            ;
; Auto Delay Chains                                      ; On                             ; On                             ;
; Perform Physical Synthesis for Combinational Logic     ; Off                            ; Off                            ;
; Perform Register Duplication                           ; Off                            ; Off                            ;
; Perform Register Retiming                              ; Off                            ; Off                            ;
; Perform Asynchronous Signal Pipelining                 ; Off                            ; Off                            ;
; Fitter Effort                                          ; Auto Fit                       ; Auto Fit                       ;
; Physical Synthesis Effort Level                        ; Normal                         ; Normal                         ;
; Logic Cell Insertion - Logic Duplication               ; Auto                           ; Auto                           ;
; Auto Register Duplication                              ; Auto                           ; Auto                           ;
; Auto Global Clock                                      ; On                             ; On                             ;
; Auto Global Register Control Signals                   ; On                             ; On                             ;
; Stop After Congestion Map Generation                   ; Off                            ; Off                            ;
; Use smart compilation                                  ; Off                            ; Off                            ;
+--------------------------------------------------------+--------------------------------+--------------------------------+


+--------------+
; Pin-Out File ;
+--------------+
The pin-out file can be found in C:/Programs/Projects/5phase/epm240/epm240.pin.


+------------------------------------------------------------------+
; Fitter Resource Usage Summary                                    ;
+---------------------------------------------+--------------------+
; Resource                                    ; Usage              ;
+---------------------------------------------+--------------------+
; Total logic elements                        ; 104 / 240 ( 43 % ) ;
;     -- Combinational with no register       ; 48                 ;
;     -- Register only                        ; 6                  ;
;     -- Combinational with a register        ; 50                 ;
;                                             ;                    ;
; Logic element usage by number of LUT inputs ;                    ;
;     -- 4 input functions                    ; 60                 ;
;     -- 3 input functions                    ; 6                  ;
;     -- 2 input functions                    ; 26                 ;
;     -- 1 input functions                    ; 7                  ;
;     -- 0 input functions                    ; 5                  ;
;                                             ;                    ;
; Logic elements by mode                      ;                    ;
;     -- normal mode                          ; 84                 ;
;     -- arithmetic mode                      ; 20                 ;
;     -- qfbk mode                            ; 0                  ;
;     -- register cascade mode                ; 0                  ;
;     -- synchronous clear/load mode          ; 4                  ;
;     -- asynchronous clear/load mode         ; 56                 ;
;                                             ;                    ;
; Total registers                             ; 56 / 240 ( 23 % )  ;
; Total LABs                                  ; 15 / 24 ( 63 % )   ;
; Logic elements in carry chains              ; 22                 ;
; User inserted logic elements                ; 0                  ;
; Virtual pins                                ; 0                  ;
; I/O pins                                    ; 21 / 80 ( 26 % )   ;
;     -- Clock pins                           ; 0 / 0 ( -- )       ;
; Global signals                              ; 4                  ;
; UFM blocks                                  ; 1 / 1 ( 100 % )    ;
; Global clocks                               ; 4 / 4 ( 100 % )    ;
; Average interconnect usage                  ; 8%                 ;
; Peak interconnect usage                     ; 8%                 ;
; Maximum fan-out node                        ; mod                ;
; Maximum fan-out                             ; 50                 ;
; Highest non-global fan-out signal           ; mod                ;
; Highest non-global fan-out                  ; 50                 ;
; Total fan-out                               ; 490                ;
; Average fan-out                             ; 3.89               ;
+---------------------------------------------+--------------------+


+----------------------------------------------------------------------------------------------------------------------------------------------------------------------------------------------------------------+
; Input Pins                                                                                                                                                                                                     ;
+---------+-------+----------+--------------+--------------+-------------+-----------------------+--------------------+--------+-----------------+----------+--------------+--------------+----------------------+
; Name    ; Pin # ; I/O Bank ; X coordinate ; Y coordinate ; Cell number ; Combinational Fan-Out ; Registered Fan-Out ; Global ; PCI I/O Enabled ; Bus Hold ; Weak Pull Up ; I/O Standard ; Location assigned by ;
+---------+-------+----------+--------------+--------------+-------------+-----------------------+--------------------+--------+-----------------+----------+--------------+--------------+----------------------+
; cmps[0] ; 51    ; 1        ; 7            ; 0            ; 0           ; 1                     ; 0                  ; no     ; no              ; no       ; Off          ; 3.3-V LVTTL  ; User                 ;
; cmps[1] ; 73    ; 2        ; 8            ; 4            ; 1           ; 1                     ; 0                  ; no     ; no              ; no       ; Off          ; 3.3-V LVTTL  ; User                 ;
; cmps[2] ; 52    ; 2        ; 8            ; 1            ; 4           ; 1                     ; 0                  ; no     ; no              ; no       ; Off          ; 3.3-V LVTTL  ; User                 ;
; cmps[3] ; 68    ; 2        ; 8            ; 3            ; 1           ; 1                     ; 0                  ; no     ; no              ; no       ; Off          ; 3.3-V LVTTL  ; User                 ;
; cmps[4] ; 58    ; 2        ; 8            ; 2            ; 2           ; 1                     ; 0                  ; no     ; no              ; no       ; Off          ; 3.3-V LVTTL  ; User                 ;
; dir     ; 8     ; 1        ; 1            ; 3            ; 2           ; 31                    ; 0                  ; no     ; no              ; no       ; Off          ; 3.3-V LVTTL  ; User                 ;
; ena     ; 7     ; 1        ; 1            ; 3            ; 1           ; 28                    ; 0                  ; no     ; no              ; no       ; Off          ; 3.3-V LVTTL  ; User                 ;
; mod     ; 55    ; 2        ; 8            ; 1            ; 1           ; 50                    ; 0                  ; no     ; no              ; no       ; Off          ; 3.3-V LVTTL  ; User                 ;
; pul     ; 5     ; 1        ; 1            ; 4            ; 3           ; 22                    ; 0                  ; yes    ; no              ; no       ; Off          ; 3.3-V LVTTL  ; User                 ;
; rst     ; 20    ; 1        ; 1            ; 1            ; 2           ; 28                    ; 0                  ; yes    ; no              ; no       ; Off          ; 3.3-V LVTTL  ; User                 ;
+---------+-------+----------+--------------+--------------+-------------+-----------------------+--------------------+--------+-----------------+----------+--------------+--------------+----------------------+


+------------------------------------------------------------------------------------------------------------------------------------------------------------------------------------------------------------------------------------------------------------------------------+
; Output Pins                                                                                                                                                                                                                                                                  ;
+---------+-------+----------+--------------+--------------+-------------+-----------------+----------------+-----------------+------------+---------------+----------+--------------+--------------+------------------+------------------------+----------------------+-------+
; Name    ; Pin # ; I/O Bank ; X coordinate ; Y coordinate ; Cell number ; Output Register ; Slow Slew Rate ; PCI I/O Enabled ; Open Drain ; TRI Primitive ; Bus Hold ; Weak Pull Up ; I/O Standard ; Current Strength ; Fast Output Connection ; Location assigned by ; Load  ;
+---------+-------+----------+--------------+--------------+-------------+-----------------+----------------+-----------------+------------+---------------+----------+--------------+--------------+------------------+------------------------+----------------------+-------+
; hfc     ; 17    ; 1        ; 1            ; 2            ; 3           ; no              ; no             ; no              ; no         ; no            ; no       ; Off          ; 3.3-V LVTTL  ; 16mA             ; no                     ; User                 ; 10 pF ;
; outs[0] ; 100   ; 2        ; 2            ; 5            ; 2           ; no              ; no             ; no              ; no         ; no            ; no       ; Off          ; 3.3-V LVTTL  ; 16mA             ; no                     ; User                 ; 10 pF ;
; outs[1] ; 99    ; 2        ; 2            ; 5            ; 1           ; no              ; no             ; no              ; no         ; no            ; no       ; Off          ; 3.3-V LVTTL  ; 16mA             ; no                     ; User                 ; 10 pF ;
; outs[2] ; 98    ; 2        ; 2            ; 5            ; 0           ; no              ; no             ; no              ; no         ; no            ; no       ; Off          ; 3.3-V LVTTL  ; 16mA             ; no                     ; User                 ; 10 pF ;
; outs[3] ; 97    ; 2        ; 3            ; 5            ; 3           ; no              ; no             ; no              ; no         ; no            ; no       ; Off          ; 3.3-V LVTTL  ; 16mA             ; no                     ; User                 ; 10 pF ;
; outs[4] ; 81    ; 2        ; 6            ; 5            ; 0           ; no              ; no             ; no              ; no         ; no            ; no       ; Off          ; 3.3-V LVTTL  ; 16mA             ; yes                    ; User                 ; 10 pF ;
; outs[5] ; 82    ; 2        ; 6            ; 5            ; 1           ; no              ; no             ; no              ; no         ; no            ; no       ; Off          ; 3.3-V LVTTL  ; 16mA             ; yes                    ; User                 ; 10 pF ;
; outs[6] ; 77    ; 2        ; 7            ; 5            ; 2           ; no              ; no             ; no              ; no         ; no            ; no       ; Off          ; 3.3-V LVTTL  ; 16mA             ; no                     ; User                 ; 10 pF ;
; outs[7] ; 78    ; 2        ; 7            ; 5            ; 3           ; no              ; no             ; no              ; no         ; no            ; no       ; Off          ; 3.3-V LVTTL  ; 16mA             ; no                     ; User                 ; 10 pF ;
; outs[8] ; 75    ; 2        ; 7            ; 5            ; 0           ; no              ; no             ; no              ; no         ; no            ; no       ; Off          ; 3.3-V LVTTL  ; 16mA             ; no                     ; User                 ; 10 pF ;
; outs[9] ; 76    ; 2        ; 7            ; 5            ; 1           ; no              ; no             ; no              ; no         ; no            ; no       ; Off          ; 3.3-V LVTTL  ; 16mA             ; no                     ; User                 ; 10 pF ;
+---------+-------+----------+--------------+--------------+-------------+-----------------+----------------+-----------------+------------+---------------+----------+--------------+--------------+------------------+------------------------+----------------------+-------+


+------------------------------------------------------------+
; I/O Bank Usage                                             ;
+----------+------------------+---------------+--------------+
; I/O Bank ; Usage            ; VCCIO Voltage ; VREF Voltage ;
+----------+------------------+---------------+--------------+
; 1        ; 6 / 38 ( 16 % )  ; 3.3V          ; --           ;
; 2        ; 15 / 42 ( 36 % ) ; 3.3V          ; --           ;
+----------+------------------+---------------+--------------+


+----------------------------------------------------------------------------------------------------------------------------------------------+
; All Package Pins                                                                                                                             ;
+----------+------------+----------+----------------+--------+--------------+---------+------------+-----------------+----------+--------------+
; Location ; Pad Number ; I/O Bank ; Pin Name/Usage ; Dir.   ; I/O Standard ; Voltage ; I/O Type   ; User Assignment ; Bus Hold ; Weak Pull Up ;
+----------+------------+----------+----------------+--------+--------------+---------+------------+-----------------+----------+--------------+
; 1        ; 83         ; 2        ; GND*           ;        ;              ;         ; Column I/O ;                 ; no       ; Off          ;
; 2        ; 0          ; 1        ; GND*           ;        ;              ;         ; Row I/O    ;                 ; no       ; Off          ;
; 3        ; 1          ; 1        ; GND*           ;        ;              ;         ; Row I/O    ;                 ; no       ; Off          ;
; 4        ; 2          ; 1        ; GND*           ;        ;              ;         ; Row I/O    ;                 ; no       ; Off          ;
; 5        ; 3          ; 1        ; pul            ; input  ; 3.3-V LVTTL  ;         ; Row I/O    ; Y               ; no       ; Off          ;
; 6        ; 4          ; 1        ; GND*           ;        ;              ;         ; Row I/O    ;                 ; no       ; Off          ;
; 7        ; 5          ; 1        ; ena            ; input  ; 3.3-V LVTTL  ;         ; Row I/O    ; Y               ; no       ; Off          ;
; 8        ; 6          ; 1        ; dir            ; input  ; 3.3-V LVTTL  ;         ; Row I/O    ; Y               ; no       ; Off          ;
; 9        ;            ; 1        ; VCCIO1         ; power  ;              ; 3.3V    ; --         ;                 ; --       ; --           ;
; 10       ;            ;          ; GNDIO          ; gnd    ;              ;         ; --         ;                 ; --       ; --           ;
; 11       ;            ;          ; GNDINT         ; gnd    ;              ;         ; --         ;                 ; --       ; --           ;
; 12       ; 7          ; 1        ; GND*           ;        ;              ;         ; Row I/O    ;                 ; no       ; Off          ;
; 13       ;            ;          ; VCCINT         ; power  ;              ; 3.3V    ; --         ;                 ; --       ; --           ;
; 14       ; 8          ; 1        ; GND*           ;        ;              ;         ; Row I/O    ;                 ; no       ; Off          ;
; 15       ; 9          ; 1        ; GND*           ;        ;              ;         ; Row I/O    ;                 ; no       ; Off          ;
; 16       ; 10         ; 1        ; GND*           ;        ;              ;         ; Row I/O    ;                 ; no       ; Off          ;
; 17       ; 11         ; 1        ; hfc            ; output ; 3.3-V LVTTL  ;         ; Row I/O    ; Y               ; no       ; Off          ;
; 18       ; 12         ; 1        ; GND*           ;        ;              ;         ; Row I/O    ;                 ; no       ; Off          ;
; 19       ; 13         ; 1        ; GND*           ;        ;              ;         ; Row I/O    ;                 ; no       ; Off          ;
; 20       ; 14         ; 1        ; rst            ; input  ; 3.3-V LVTTL  ;         ; Row I/O    ; Y               ; no       ; Off          ;
; 21       ; 15         ; 1        ; GND*           ;        ;              ;         ; Row I/O    ;                 ; no       ; Off          ;
; 22       ; 16         ; 1        ; #TMS           ; input  ;              ;         ; --         ;                 ; --       ; --           ;
; 23       ; 17         ; 1        ; #TDI           ; input  ;              ;         ; --         ;                 ; --       ; --           ;
; 24       ; 18         ; 1        ; #TCK           ; input  ;              ;         ; --         ;                 ; --       ; --           ;
; 25       ; 19         ; 1        ; #TDO           ; output ;              ;         ; --         ;                 ; --       ; --           ;
; 26       ; 20         ; 1        ; GND*           ;        ;              ;         ; Column I/O ;                 ; no       ; Off          ;
; 27       ; 21         ; 1        ; GND*           ;        ;              ;         ; Column I/O ;                 ; no       ; Off          ;
; 28       ; 22         ; 1        ; GND*           ;        ;              ;         ; Column I/O ;                 ; no       ; Off          ;
; 29       ; 23         ; 1        ; GND*           ;        ;              ;         ; Column I/O ;                 ; no       ; Off          ;
; 30       ; 24         ; 1        ; GND*           ;        ;              ;         ; Column I/O ;                 ; no       ; Off          ;
; 31       ;            ; 1        ; VCCIO1         ; power  ;              ; 3.3V    ; --         ;                 ; --       ; --           ;
; 32       ;            ;          ; GNDIO          ; gnd    ;              ;         ; --         ;                 ; --       ; --           ;
; 33       ; 25         ; 1        ; GND*           ;        ;              ;         ; Column I/O ;                 ; no       ; Off          ;
; 34       ; 26         ; 1        ; GND*           ;        ;              ;         ; Column I/O ;                 ; no       ; Off          ;
; 35       ; 27         ; 1        ; GND*           ;        ;              ;         ; Column I/O ;                 ; no       ; Off          ;
; 36       ; 28         ; 1        ; GND*           ;        ;              ;         ; Column I/O ;                 ; no       ; Off          ;
; 37       ; 29         ; 1        ; GND*           ;        ;              ;         ; Column I/O ;                 ; no       ; Off          ;
; 38       ; 30         ; 1        ; GND*           ;        ;              ;         ; Column I/O ;                 ; no       ; Off          ;
; 39       ; 31         ; 1        ; GND*           ;        ;              ;         ; Column I/O ;                 ; no       ; Off          ;
; 40       ; 32         ; 1        ; GND*           ;        ;              ;         ; Column I/O ;                 ; no       ; Off          ;
; 41       ; 33         ; 1        ; GND*           ;        ;              ;         ; Column I/O ;                 ; no       ; Off          ;
; 42       ; 34         ; 1        ; GND*           ;        ;              ;         ; Column I/O ;                 ; no       ; Off          ;
; 43       ; 35         ; 1        ; GND*           ;        ;              ;         ; Column I/O ;                 ; no       ; Off          ;
; 44       ; 36         ; 1        ; GND*           ;        ;              ;         ; Column I/O ;                 ; no       ; Off          ;
; 45       ;            ; 1        ; VCCIO1         ; power  ;              ; 3.3V    ; --         ;                 ; --       ; --           ;
; 46       ;            ;          ; GNDIO          ; gnd    ;              ;         ; --         ;                 ; --       ; --           ;
; 47       ; 37         ; 1        ; GND*           ;        ;              ;         ; Column I/O ;                 ; no       ; Off          ;
; 48       ; 38         ; 1        ; GND*           ;        ;              ;         ; Column I/O ;                 ; no       ; Off          ;
; 49       ; 39         ; 1        ; GND*           ;        ;              ;         ; Column I/O ;                 ; no       ; Off          ;
; 50       ; 40         ; 1        ; GND*           ;        ;              ;         ; Column I/O ;                 ; no       ; Off          ;
; 51       ; 41         ; 1        ; cmps[0]        ; input  ; 3.3-V LVTTL  ;         ; Column I/O ; Y               ; no       ; Off          ;
; 52       ; 42         ; 2        ; cmps[2]        ; input  ; 3.3-V LVTTL  ;         ; Row I/O    ; Y               ; no       ; Off          ;
; 53       ; 43         ; 2        ; GND*           ;        ;              ;         ; Row I/O    ;                 ; no       ; Off          ;
; 54       ; 44         ; 2        ; GND*           ;        ;              ;         ; Row I/O    ;                 ; no       ; Off          ;
; 55       ; 45         ; 2        ; mod            ; input  ; 3.3-V LVTTL  ;         ; Row I/O    ; Y               ; no       ; Off          ;
; 56       ; 46         ; 2        ; GND*           ;        ;              ;         ; Row I/O    ;                 ; no       ; Off          ;
; 57       ; 47         ; 2        ; GND*           ;        ;              ;         ; Row I/O    ;                 ; no       ; Off          ;
; 58       ; 48         ; 2        ; cmps[4]        ; input  ; 3.3-V LVTTL  ;         ; Row I/O    ; Y               ; no       ; Off          ;
; 59       ;            ; 2        ; VCCIO2         ; power  ;              ; 3.3V    ; --         ;                 ; --       ; --           ;
; 60       ;            ;          ; GNDIO          ; gnd    ;              ;         ; --         ;                 ; --       ; --           ;
; 61       ; 49         ; 2        ; GND*           ;        ;              ;         ; Row I/O    ;                 ; no       ; Off          ;
; 62       ; 50         ; 2        ; GND*           ;        ;              ;         ; Row I/O    ;                 ; no       ; Off          ;
; 63       ;            ;          ; VCCINT         ; power  ;              ; 3.3V    ; --         ;                 ; --       ; --           ;
; 64       ; 51         ; 2        ; GND*           ;        ;              ;         ; Row I/O    ;                 ; no       ; Off          ;
; 65       ;            ;          ; GNDINT         ; gnd    ;              ;         ; --         ;                 ; --       ; --           ;
; 66       ; 52         ; 2        ; GND*           ;        ;              ;         ; Row I/O    ;                 ; no       ; Off          ;
; 67       ; 53         ; 2        ; GND*           ;        ;              ;         ; Row I/O    ;                 ; no       ; Off          ;
; 68       ; 54         ; 2        ; cmps[3]        ; input  ; 3.3-V LVTTL  ;         ; Row I/O    ; Y               ; no       ; Off          ;
; 69       ; 55         ; 2        ; GND*           ;        ;              ;         ; Row I/O    ;                 ; no       ; Off          ;
; 70       ; 56         ; 2        ; GND*           ;        ;              ;         ; Row I/O    ;                 ; no       ; Off          ;
; 71       ; 57         ; 2        ; GND*           ;        ;              ;         ; Row I/O    ;                 ; no       ; Off          ;
; 72       ; 58         ; 2        ; GND*           ;        ;              ;         ; Row I/O    ;                 ; no       ; Off          ;
; 73       ; 59         ; 2        ; cmps[1]        ; input  ; 3.3-V LVTTL  ;         ; Row I/O    ; Y               ; no       ; Off          ;
; 74       ; 60         ; 2        ; GND*           ;        ;              ;         ; Row I/O    ;                 ; no       ; Off          ;
; 75       ; 61         ; 2        ; outs[8]        ; output ; 3.3-V LVTTL  ;         ; Column I/O ; Y               ; no       ; Off          ;
; 76       ; 62         ; 2        ; outs[9]        ; output ; 3.3-V LVTTL  ;         ; Column I/O ; Y               ; no       ; Off          ;
; 77       ; 63         ; 2        ; outs[6]        ; output ; 3.3-V LVTTL  ;         ; Column I/O ; Y               ; no       ; Off          ;
; 78       ; 64         ; 2        ; outs[7]        ; output ; 3.3-V LVTTL  ;         ; Column I/O ; Y               ; no       ; Off          ;
; 79       ;            ;          ; GNDIO          ; gnd    ;              ;         ; --         ;                 ; --       ; --           ;
; 80       ;            ; 2        ; VCCIO2         ; power  ;              ; 3.3V    ; --         ;                 ; --       ; --           ;
; 81       ; 65         ; 2        ; outs[4]        ; output ; 3.3-V LVTTL  ;         ; Column I/O ; Y               ; no       ; Off          ;
; 82       ; 66         ; 2        ; outs[5]        ; output ; 3.3-V LVTTL  ;         ; Column I/O ; Y               ; no       ; Off          ;
; 83       ; 67         ; 2        ; GND*           ;        ;              ;         ; Column I/O ;                 ; no       ; Off          ;
; 84       ; 68         ; 2        ; GND*           ;        ;              ;         ; Column I/O ;                 ; no       ; Off          ;
; 85       ; 69         ; 2        ; GND*           ;        ;              ;         ; Column I/O ;                 ; no       ; Off          ;
; 86       ; 70         ; 2        ; GND*           ;        ;              ;         ; Column I/O ;                 ; no       ; Off          ;
; 87       ; 71         ; 2        ; GND*           ;        ;              ;         ; Column I/O ;                 ; no       ; Off          ;
; 88       ; 72         ; 2        ; GND*           ;        ;              ;         ; Column I/O ;                 ; no       ; Off          ;
; 89       ; 73         ; 2        ; GND*           ;        ;              ;         ; Column I/O ;                 ; no       ; Off          ;
; 90       ; 74         ; 2        ; GND*           ;        ;              ;         ; Column I/O ;                 ; no       ; Off          ;
; 91       ; 75         ; 2        ; GND*           ;        ;              ;         ; Column I/O ;                 ; no       ; Off          ;
; 92       ; 76         ; 2        ; GND*           ;        ;              ;         ; Column I/O ;                 ; no       ; Off          ;
; 93       ;            ;          ; GNDIO          ; gnd    ;              ;         ; --         ;                 ; --       ; --           ;
; 94       ;            ; 2        ; VCCIO2         ; power  ;              ; 3.3V    ; --         ;                 ; --       ; --           ;
; 95       ; 77         ; 2        ; GND*           ;        ;              ;         ; Column I/O ;                 ; no       ; Off          ;
; 96       ; 78         ; 2        ; GND*           ;        ;              ;         ; Column I/O ;                 ; no       ; Off          ;
; 97       ; 79         ; 2        ; outs[3]        ; output ; 3.3-V LVTTL  ;         ; Column I/O ; Y               ; no       ; Off          ;
; 98       ; 80         ; 2        ; outs[2]        ; output ; 3.3-V LVTTL  ;         ; Column I/O ; Y               ; no       ; Off          ;
; 99       ; 81         ; 2        ; outs[1]        ; output ; 3.3-V LVTTL  ;         ; Column I/O ; Y               ; no       ; Off          ;
; 100      ; 82         ; 2        ; outs[0]        ; output ; 3.3-V LVTTL  ;         ; Column I/O ; Y               ; no       ; Off          ;
+----------+------------+----------+----------------+--------+--------------+---------+------------+-----------------+----------+--------------+


+-------------------------------------------------------------+
; Output Pin Default Load For Reported TCO                    ;
+----------------------------+-------+------------------------+
; I/O Standard               ; Load  ; Termination Resistance ;
+----------------------------+-------+------------------------+
; 3.3-V LVTTL                ; 10 pF ; Not Available          ;
; 3.3-V LVCMOS               ; 10 pF ; Not Available          ;
; 2.5 V                      ; 10 pF ; Not Available          ;
; 1.8 V                      ; 10 pF ; Not Available          ;
; 1.5 V                      ; 10 pF ; Not Available          ;
; 3.3V Schmitt Trigger Input ; 10 pF ; Not Available          ;
; 2.5V Schmitt Trigger Input ; 10 pF ; Not Available          ;
+----------------------------+-------+------------------------+
Note: User assignments will override these defaults. The user specified values are listed in the Output Pins and Bidir Pins tables.


+-----------------------------------------------------------------------------------------------------------------------------------------------------------------------------------------------------------------------------------------------------------------------------------------+
; Fitter Resource Utilization by Entity                                                                                                                                                                                                                                                   ;
+---------------------------------------------------------+-------------+--------------+------------+------+--------------+--------------+-------------------+------------------+-----------------+------------+--------------------------------------------------------------------------+
; Compilation Hierarchy Node                              ; Logic Cells ; LC Registers ; UFM Blocks ; Pins ; Virtual Pins ; LUT-Only LCs ; Register-Only LCs ; LUT/Register LCs ; Carry Chain LCs ; Packed LCs ; Full Hierarchy Name                                                      ;
+---------------------------------------------------------+-------------+--------------+------------+------+--------------+--------------+-------------------+------------------+-----------------+------------+--------------------------------------------------------------------------+
; |epm240                                                 ; 104 (1)     ; 56           ; 1          ; 21   ; 0            ; 48 (1)       ; 6 (0)             ; 50 (0)           ; 22 (0)          ; 0 (0)      ; |epm240                                                                  ;
;    |clk_generate:cg1|                                   ; 27 (0)      ; 25           ; 1          ; 0    ; 0            ; 2 (0)        ; 0 (0)             ; 25 (0)           ; 22 (0)          ; 0 (0)      ; |epm240|clk_generate:cg1                                                 ;
;       |clk_altufm_osc_1p3:clk_altufm_osc_1p3_component| ; 0 (0)       ; 0            ; 1          ; 0    ; 0            ; 0 (0)        ; 0 (0)             ; 0 (0)            ; 0 (0)           ; 0 (0)      ; |epm240|clk_generate:cg1|clk_altufm_osc_1p3:clk_altufm_osc_1p3_component ;
;       |clk_generate_hfc:cgh|                            ; 17 (17)     ; 16           ; 0          ; 0    ; 0            ; 1 (1)        ; 0 (0)             ; 16 (16)          ; 14 (14)         ; 0 (0)      ; |epm240|clk_generate:cg1|clk_generate_hfc:cgh                            ;
;       |clk_generate_pwm:cgp|                            ; 10 (10)     ; 9            ; 0          ; 0    ; 0            ; 1 (1)        ; 0 (0)             ; 9 (9)            ; 8 (8)           ; 0 (0)      ; |epm240|clk_generate:cg1|clk_generate_pwm:cgp                            ;
;    |stepper:s1|                                         ; 76 (76)     ; 31           ; 0          ; 0    ; 0            ; 45 (45)      ; 6 (6)             ; 25 (25)          ; 0 (0)           ; 0 (0)      ; |epm240|stepper:s1                                                       ;
+---------------------------------------------------------+-------------+--------------+------------+------+--------------+--------------+-------------------+------------------+-----------------+------------+--------------------------------------------------------------------------+
Note: For table entries with two numbers listed, the numbers in parentheses indicate the number of resources of the given type used by the specific entity alone. The numbers listed outside of parentheses indicate the total resources of the given type used by the specific entity and all of its sub-entities in the hierarchy.


+------------------------------------+
; Delay Chain Summary                ;
+---------+----------+---------------+
; Name    ; Pin Type ; Pad to Core 0 ;
+---------+----------+---------------+
; cmps[0] ; Input    ; 1             ;
; ena     ; Input    ; 0             ;
; rst     ; Input    ; 1             ;
; cmps[1] ; Input    ; 1             ;
; cmps[2] ; Input    ; 1             ;
; cmps[3] ; Input    ; 1             ;
; cmps[4] ; Input    ; 1             ;
; pul     ; Input    ; 0             ;
; mod     ; Input    ; 0             ;
; dir     ; Input    ; 0             ;
; outs[0] ; Output   ; --            ;
; outs[1] ; Output   ; --            ;
; outs[2] ; Output   ; --            ;
; outs[3] ; Output   ; --            ;
; outs[4] ; Output   ; --            ;
; outs[5] ; Output   ; --            ;
; outs[6] ; Output   ; --            ;
; outs[7] ; Output   ; --            ;
; outs[8] ; Output   ; --            ;
; outs[9] ; Output   ; --            ;
; hfc     ; Output   ; --            ;
+---------+----------+---------------+


+---------------------------------------------------------------------------------------------------------------------------------------------------------------------------------------+
; Control Signals                                                                                                                                                                       ;
+--------------------------------------------------------------------------------------------+--------------+---------+--------------+--------+----------------------+------------------+
; Name                                                                                       ; Location     ; Fan-Out ; Usage        ; Global ; Global Resource Used ; Global Line Name ;
+--------------------------------------------------------------------------------------------+--------------+---------+--------------+--------+----------------------+------------------+
; clk_generate:cg1|clk_altufm_osc_1p3:clk_altufm_osc_1p3_component|wire_maxii_ufm_block1_osc ; UFM_X0_Y1_N4 ; 9       ; Clock        ; yes    ; Global Clock         ; GCLK1            ;
; clk_generate:cg1|clk_generate_hfc:cgh|always0~1                                            ; LC_X5_Y2_N1  ; 16      ; Async. clear ; no     ; --                   ; --               ;
; clk_generate:cg1|clk_generate_hfc:cgh|count_hfc[14]                                        ; LC_X5_Y3_N6  ; 16      ; Clock enable ; no     ; --                   ; --               ;
; clk_generate:cg1|clk_generate_pwm:cgp|always0~2                                            ; LC_X5_Y2_N8  ; 9       ; Async. clear ; no     ; --                   ; --               ;
; clk_generate:cg1|clk_generate_pwm:cgp|count_pwm[8]                                         ; LC_X2_Y3_N7  ; 27      ; Clock        ; yes    ; Global Clock         ; GCLK0            ;
; ena                                                                                        ; PIN_7        ; 28      ; Clock enable ; no     ; --                   ; --               ;
; pul                                                                                        ; PIN_5        ; 22      ; Clock        ; yes    ; Global Clock         ; GCLK2            ;
; rst                                                                                        ; PIN_20       ; 28      ; Async. clear ; yes    ; Global Clock         ; GCLK3            ;
; stepper:s1|always1~1                                                                       ; LC_X5_Y2_N2  ; 2       ; Async. clear ; no     ; --                   ; --               ;
; stepper:s1|always2~1                                                                       ; LC_X5_Y2_N4  ; 2       ; Async. clear ; no     ; --                   ; --               ;
; stepper:s1|always3~1                                                                       ; LC_X5_Y2_N5  ; 2       ; Async. clear ; no     ; --                   ; --               ;
; stepper:s1|always4~1                                                                       ; LC_X5_Y2_N6  ; 2       ; Async. clear ; no     ; --                   ; --               ;
; stepper:s1|always5~1                                                                       ; LC_X5_Y2_N7  ; 2       ; Async. clear ; no     ; --                   ; --               ;
+--------------------------------------------------------------------------------------------+--------------+---------+--------------+--------+----------------------+------------------+


+---------------------------------------------------------------------------------------------------------------------------------------------------------------+
; Global & Other Fast Signals                                                                                                                                   ;
+--------------------------------------------------------------------------------------------+--------------+---------+----------------------+------------------+
; Name                                                                                       ; Location     ; Fan-Out ; Global Resource Used ; Global Line Name ;
+--------------------------------------------------------------------------------------------+--------------+---------+----------------------+------------------+
; clk_generate:cg1|clk_altufm_osc_1p3:clk_altufm_osc_1p3_component|wire_maxii_ufm_block1_osc ; UFM_X0_Y1_N4 ; 9       ; Global Clock         ; GCLK1            ;
; clk_generate:cg1|clk_generate_pwm:cgp|count_pwm[8]                                         ; LC_X2_Y3_N7  ; 27      ; Global Clock         ; GCLK0            ;
; pul                                                                                        ; PIN_5        ; 22      ; Global Clock         ; GCLK2            ;
; rst                                                                                        ; PIN_20       ; 28      ; Global Clock         ; GCLK3            ;
+--------------------------------------------------------------------------------------------+--------------+---------+----------------------+------------------+


+-------------------------------------------------------------------+
; Non-Global High Fan-Out Signals                                   ;
+---------------------------------------------------------+---------+
; Name                                                    ; Fan-Out ;
+---------------------------------------------------------+---------+
; mod                                                     ; 50      ;
; dir                                                     ; 31      ;
; ena                                                     ; 28      ;
; stepper:s1|fmod                                         ; 21      ;
; clk_generate:cg1|clk_generate_hfc:cgh|count_hfc[14]     ; 17      ;
; clk_generate:cg1|clk_generate_hfc:cgh|always0~1         ; 16      ;
; clk_generate:cg1|clk_generate_pwm:cgp|always0~2         ; 9       ;
; clk_generate:cg1|clk_generate_hfc:cgh|count_hfc[2]~489  ; 5       ;
; clk_generate:cg1|clk_generate_hfc:cgh|count_hfc[7]~484  ; 5       ;
; stepper:s1|position~1627                                ; 4       ;
; stepper:s1|position~1622                                ; 4       ;
; stepper:s1|position~1619                                ; 4       ;
; stepper:s1|position~1616                                ; 4       ;
; stepper:s1|position~1614                                ; 4       ;
; stepper:s1|position~1612                                ; 4       ;
; stepper:s1|position~1611                                ; 4       ;
; stepper:s1|position~1610                                ; 4       ;
; stepper:s1|position~1608                                ; 4       ;
; stepper:s1|position~1606                                ; 4       ;
; stepper:s1|position~1605                                ; 4       ;
; stepper:s1|position~1604                                ; 4       ;
; stepper:s1|position~1602                                ; 4       ;
; stepper:s1|position~1600                                ; 4       ;
; stepper:s1|position~1599                                ; 4       ;
; stepper:s1|position~1598                                ; 4       ;
; stepper:s1|position~1596                                ; 4       ;
; stepper:s1|position~1594                                ; 4       ;
; stepper:s1|position~1593                                ; 4       ;
; stepper:s1|position~1592                                ; 4       ;
; clk_generate:cg1|clk_generate_pwm:cgp|count_pwm[5]~41   ; 3       ;
; stepper:s1|position[6]                                  ; 3       ;
; stepper:s1|position[17]                                 ; 3       ;
; stepper:s1|position[2]                                  ; 3       ;
; stepper:s1|position[12]                                 ; 3       ;
; stepper:s1|position[19]                                 ; 3       ;
; stepper:s1|position[7]                                  ; 3       ;
; stepper:s1|position[15]                                 ; 3       ;
; stepper:s1|position[5]                                  ; 3       ;
; stepper:s1|position[10]                                 ; 3       ;
; stepper:s1|position[0]                                  ; 3       ;
; clk_generate:cg1|clk_generate_hfc:cgh|count_hfc[0]      ; 2       ;
; clk_generate:cg1|clk_generate_pwm:cgp|count_pwm[0]      ; 2       ;
; clk_generate:cg1|clk_generate_hfc:cgh|count_hfc[12]~479 ; 2       ;
; stepper:s1|position[14]                                 ; 2       ;
; stepper:s1|position[16]                                 ; 2       ;
; stepper:s1|position[13]                                 ; 2       ;
; stepper:s1|position[4]                                  ; 2       ;
; stepper:s1|position[3]                                  ; 2       ;
; stepper:s1|position[9]                                  ; 2       ;
; stepper:s1|position[8]                                  ; 2       ;
+---------------------------------------------------------+---------+


+-------------------------------------------------+
; Interconnect Usage Summary                      ;
+----------------------------+--------------------+
; Interconnect Resource Type ; Usage              ;
+----------------------------+--------------------+
; C4s                        ; 59 / 784 ( 8 % )   ;
; Direct links               ; 28 / 888 ( 3 % )   ;
; Global clocks              ; 4 / 4 ( 100 % )    ;
; LAB clocks                 ; 15 / 32 ( 47 % )   ;
; LUT chains                 ; 10 / 216 ( 5 % )   ;
; Local interconnects        ; 120 / 888 ( 14 % ) ;
; R4s                        ; 52 / 704 ( 7 % )   ;
+----------------------------+--------------------+


+---------------------------------------------------------------------------+
; LAB Logic Elements                                                        ;
+--------------------------------------------+------------------------------+
; Number of Logic Elements  (Average = 6.93) ; Number of LABs  (Total = 15) ;
+--------------------------------------------+------------------------------+
; 1                                          ; 1                            ;
; 2                                          ; 4                            ;
; 3                                          ; 0                            ;
; 4                                          ; 0                            ;
; 5                                          ; 0                            ;
; 6                                          ; 0                            ;
; 7                                          ; 1                            ;
; 8                                          ; 0                            ;
; 9                                          ; 2                            ;
; 10                                         ; 7                            ;
+--------------------------------------------+------------------------------+


+-------------------------------------------------------------------+
; LAB-wide Signals                                                  ;
+------------------------------------+------------------------------+
; LAB-wide Signals  (Average = 2.27) ; Number of LABs  (Total = 15) ;
+------------------------------------+------------------------------+
; 1 Async. clear                     ; 13                           ;
; 1 Clock                            ; 14                           ;
; 1 Clock enable                     ; 7                            ;
+------------------------------------+------------------------------+


+----------------------------------------------------------------------------+
; LAB Signals Sourced                                                        ;
+---------------------------------------------+------------------------------+
; Number of Signals Sourced  (Average = 6.93) ; Number of LABs  (Total = 15) ;
+---------------------------------------------+------------------------------+
; 0                                           ; 0                            ;
; 1                                           ; 1                            ;
; 2                                           ; 4                            ;
; 3                                           ; 0                            ;
; 4                                           ; 0                            ;
; 5                                           ; 0                            ;
; 6                                           ; 0                            ;
; 7                                           ; 1                            ;
; 8                                           ; 0                            ;
; 9                                           ; 2                            ;
; 10                                          ; 7                            ;
+---------------------------------------------+------------------------------+


+--------------------------------------------------------------------------------+
; LAB Signals Sourced Out                                                        ;
+-------------------------------------------------+------------------------------+
; Number of Signals Sourced Out  (Average = 4.07) ; Number of LABs  (Total = 15) ;
+-------------------------------------------------+------------------------------+
; 0                                               ; 1                            ;
; 1                                               ; 2                            ;
; 2                                               ; 4                            ;
; 3                                               ; 1                            ;
; 4                                               ; 0                            ;
; 5                                               ; 0                            ;
; 6                                               ; 4                            ;
; 7                                               ; 1                            ;
; 8                                               ; 1                            ;
; 9                                               ; 1                            ;
+-------------------------------------------------+------------------------------+


+----------------------------------------------------------------------------+
; LAB Distinct Inputs                                                        ;
+---------------------------------------------+------------------------------+
; Number of Distinct Inputs  (Average = 7.33) ; Number of LABs  (Total = 15) ;
+---------------------------------------------+------------------------------+
; 0                                           ; 0                            ;
; 1                                           ; 0                            ;
; 2                                           ; 1                            ;
; 3                                           ; 1                            ;
; 4                                           ; 5                            ;
; 5                                           ; 0                            ;
; 6                                           ; 0                            ;
; 7                                           ; 0                            ;
; 8                                           ; 0                            ;
; 9                                           ; 0                            ;
; 10                                          ; 0                            ;
; 11                                          ; 3                            ;
; 12                                          ; 2                            ;
; 13                                          ; 1                            ;
; 14                                          ; 0                            ;
; 15                                          ; 1                            ;
+---------------------------------------------+------------------------------+


+-------------------------------------------------------------------------+
; Fitter Device Options                                                   ;
+----------------------------------------------+--------------------------+
; Option                                       ; Setting                  ;
+----------------------------------------------+--------------------------+
; Enable user-supplied start-up clock (CLKUSR) ; Off                      ;
; Enable device-wide reset (DEV_CLRn)          ; Off                      ;
; Enable device-wide output enable (DEV_OE)    ; Off                      ;
; Enable INIT_DONE output                      ; Off                      ;
; Configuration scheme                         ; Passive Serial           ;
; Reserve all unused pins                      ; As output driving ground ;
; Base pin-out file on sameframe device        ; Off                      ;
+----------------------------------------------+--------------------------+


+-----------------+
; Fitter Messages ;
+-----------------+
Info: *******************************************************************
Info: Running Quartus II Fitter
    Info: Version 6.1 Build 201 11/27/2006 SJ Web Edition
    Info: Processing started: Thu Dec 17 15:45:59 2015
Info: Command: quartus_fit --read_settings_files=off --write_settings_files=off epm240 -c epm240
Info: Selected device EPM240T100C5 for design "epm240"
Info: Fitter is performing an Auto Fit compilation, which may decrease Fitter effort to reduce compilation time
Info: Device migration not selected. If you intend to use device migration later, you may need to change the pin assignments as they may be incompatible with other devices
    Info: Device EPM240T100I5 is compatible
    Info: Device EPM570T100C5 is compatible
    Info: Device EPM570T100I5 is compatible
Info: Fitter is using the Classic Timing Analyzer
Info: Timing requirements not specified -- optimizing circuit to achieve the following default global requirements
    Info: Assuming a global fmax requirement of 1000 MHz
    Info: Assuming a global tsu requirement of 2.0 ns
    Info: Assuming a global tco requirement of 1.0 ns
    Info: Assuming a global tpd requirement of 1.0 ns
Extra Info: Performing register packing on registers with non-logic cell location assignments
Extra Info: Completed register packing on registers with non-logic cell location assignments
Info: Completed User Assigned Global Signals Promotion Operation
Info: Automatically promoted some destinations of signal "clk_generate:cg1|clk_generate_pwm:cgp|count_pwm[8]" to use Global clock
    Info: Destination "clk_generate:cg1|clk_generate_pwm:cgp|count_pwm[8]" may be non-global or may not use global clock
Info: Automatically promoted some destinations of signal "pul" to use Global clock
    Info: Destination "clk_generate:cg1|clk_generate_hfc:cgh|always0~1" may be non-global or may not use global clock
Info: Pin "pul" drives global clock, but is not placed in a dedicated clock pin position
Info: Automatically promoted signal "clk_generate:cg1|clk_altufm_osc_1p3:clk_altufm_osc_1p3_component|wire_maxii_ufm_block1_osc" to use Global clock
Info: Automatically promoted some destinations of signal "rst" to use Global clock
    Info: Destination "stepper:s1|always1~1" may be non-global or may not use global clock
    Info: Destination "stepper:s1|always2~1" may be non-global or may not use global clock
    Info: Destination "stepper:s1|always3~1" may be non-global or may not use global clock
    Info: Destination "stepper:s1|always4~1" may be non-global or may not use global clock
    Info: Destination "stepper:s1|always5~1" may be non-global or may not use global clock
    Info: Destination "clk_generate:cg1|clk_generate_hfc:cgh|always0~1" may be non-global or may not use global clock
    Info: Destination "clk_generate:cg1|clk_generate_pwm:cgp|always0~2" may be non-global or may not use global clock
Info: Pin "rst" drives global clock, but is not placed in a dedicated clock pin position
Info: Completed Auto Global Promotion Operation
Info: Starting register packing
Info: Fitter is using Normal packing mode for logic elements with Auto setting for Auto Packed Registers logic option
Extra Info: Moving registers into LUTs to improve timing and density
Info: Started processing fast register assignments
Info: Finished processing fast register assignments
Extra Info: Finished moving registers into LUTs: elapsed time is 00:00:00
Info: Finished register packing: elapsed time is 00:00:00
Info: Fitter placement preparation operations beginning
Info: Fitter placement preparation operations ending: elapsed time is 00:00:00
Info: Fitter placement operations beginning
Info: Fitter placement was successful
Info: Fitter placement operations ending: elapsed time is 00:00:00
Info: Estimated most critical path is register to register delay of 7.396 ns
    Info: 1: + IC(0.000 ns) + CELL(0.000 ns) = 0.000 ns; Loc. = LAB_X2_Y1; Fanout = 2; REG Node = 'stepper:s1|position[1]'
    Info: 2: + IC(2.322 ns) + CELL(0.740 ns) = 3.062 ns; Loc. = LAB_X6_Y2; Fanout = 4; COMB Node = 'stepper:s1|position~1592'
    Info: 3: + IC(2.661 ns) + CELL(0.200 ns) = 5.923 ns; Loc. = LAB_X2_Y1; Fanout = 1; COMB Node = 'stepper:s1|position~1625'
    Info: 4: + IC(0.669 ns) + CELL(0.804 ns) = 7.396 ns; Loc. = LAB_X2_Y1; Fanout = 3; REG Node = 'stepper:s1|position[2]'
    Info: Total cell delay = 1.744 ns ( 23.58 % )
    Info: Total interconnect delay = 5.652 ns ( 76.42 % )
Info: Fitter routing operations beginning
Info: Average interconnect usage is 8% of the available device resources. Peak interconnect usage is 8%
    Info: The peak interconnect region extends from location X0_Y0 to location X8_Y5
Info: Fitter routing operations ending: elapsed time is 00:00:00
Info: The Fitter performed an Auto Fit compilation.  Optimizations were skipped to reduce compilation time.
    Info: Optimizations that may affect the design's routability were skipped
    Info: Optimizations that may affect the design's timing were skipped
Warning: The Reserve All Unused Pins setting has not been specified, and will default to 'As output driving ground'.
Info: Quartus II Fitter was successful. 0 errors, 1 warning
    Info: Allocated 179 megabytes of memory during processing
    Info: Processing ended: Thu Dec 17 15:46:00 2015
    Info: Elapsed time: 00:00:01


