Flow report for epm240
Thu Dec 17 15:46:06 2015
Quartus II Version 6.1 Build 201 11/27/2006 SJ Web Edition


---------------------
; Table of Contents ;
---------------------
  1. Legal Notice
  2. Flow Summary
  3. Flow Settings
  4. Flow Non-Default Global Settings
  5. Flow Elapsed Time
  6. Flow Log



----------------
; Legal Notice ;
----------------
Copyright (C) 1991-2006 Altera Corporation
Your use of Altera Corporation's design tools, logic functions 
and other software and tools, and its AMPP partner logic 
functions, and any output files from any of the foregoing 
(including device programming or simulation files), and any 
associated documentation or information are expressly subject 
to the terms and conditions of the Altera Program License 
Subscription Agreement, Altera MegaCore Function License 
Agreement, or other applicable license agreement, including, 
without limitation, that your use is for the sole purpose of 
programming logic devices manufactured by Altera and sold by 
Altera or its authorized distributors.  Please refer to the 
applicable agreement for further details.



+-------------------------------------------------------------------+
; Flow Summary                                                      ;
+-------------------------+-----------------------------------------+
; Flow Status             ; Successful - Thu Dec 17 15:46:06 2015   ;
; Quartus II Version      ; 6.1 Build 201 11/27/2006 SJ Web Edition ;
; Revision Name           ; epm240                                  ;
; Top-level Entity Name   ; epm240                                  ;
; Family                  ; MAX II                                  ;
; Device                  ; EPM240T100C5                            ;
; Timing Models           ; Final                                   ;
; Met timing requirements ; Yes                                     ;
; Total logic elements    ; 104 / 240 ( 43 % )                      ;
; Total pins              ; 21 / 80 ( 26 % )                        ;
; Total virtual pins      ; 0                                       ;
; UFM blocks              ; 1 / 1 ( 100 % )                         ;
+-------------------------+-----------------------------------------+


+-----------------------------------------+
; Flow Settings                           ;
+-------------------+---------------------+
; Option            ; Setting             ;
+-------------------+---------------------+
; Start date & time ; 12/17/2015 15:45:57 ;
; Main task         ; Compilation         ;
; Revision Name     ; epm240              ;
+-------------------+---------------------+


+--------------------------------------------------------------------+
; Flow Non-Default Global Settings                                   ;
+-----------------+-------+---------------+-------------+------------+
; Assignment Name ; Value ; Default Value ; Entity Name ; Section Id ;
+-----------------+-------+---------------+-------------+------------+


+----------------------------------------+
; Flow Elapsed Time                      ;
+-------------------------+--------------+
; Module Name             ; Elapsed Time ;
+-------------------------+--------------+
; Analysis & Synthesis    ; 00:00:01     ;
; Fitter                  ; 00:00:01     ;
; Assembler               ; 00:00:02     ;
; Classic Timing Analyzer ; 00:00:01     ;
; Total                   ; 00:00:05     ;
+-------------------------+--------------+


------------
; Flow Log ;
------------
quartus_map --read_settings_files=on --write_settings_files=off epm240 -c epm240
quartus_fit --read_settings_files=off --write_settings_files=off epm240 -c epm240
quartus_asm --read_settings_files=off --write_settings_files=off epm240 -c epm240
quartus_tan --read_settings_files=off --write_settings_files=off epm240 -c epm240



